#
# There is insufficient memory for the Java Runtime Environment to continue.
# Native memory allocation (mmap) failed to map 219152384 bytes for G1 virtual space
# Possible reasons:
#   The system is out of physical RAM or swap space
#   The process is running with CompressedOops enabled, and the Java Heap may be blocking the growth of the native heap
# Possible solutions:
#   Reduce memory load on the system
#   Increase physical memory or swap space
#   Check if swap backing store is full
#   Decrease Java heap size (-Xmx/-Xms)
#   Decrease number of Java threads
#   Decrease Java thread stack sizes (-Xss)
#   Set larger code cache with -XX:ReservedCodeCacheSize=
#   JVM is running with Unscaled Compressed Oops mode in which the Java heap is
#     placed in the first 4GB address space. The Java Heap base address is the
#     maximum limit for the native heap growth. Please use -XX:HeapBaseMinAddress
#     to set the Java Heap base and to place the Java Heap above 4GB virtual address.
# This output file may be truncated or incomplete.
#
#  Out of Memory Error (os_windows.cpp:3769), pid=32428, tid=42852
#
# JRE version: OpenJDK Runtime Environment (17.0.6) (build 17.0.6+0-b2043.56-10027231)
# Java VM: OpenJDK 64-Bit Server VM (17.0.6+0-b2043.56-10027231, mixed mode, tiered, compressed oops, compressed class ptrs, g1 gc, windows-amd64)
# No core dump will be written. Minidumps are not enabled by default on client versions of Windows
#

---------------  S U M M A R Y ------------

Command Line: org.jetbrains.kotlin.cli.jvm.K2JVMCompiler @C:\Users\yanua\AndroidStudioProjects\setravelapp\app\build\20231221_16479342421010792057.compiler.options

Host: AMD Ryzen 7 5700U with Radeon Graphics         , 16 cores, 5G,  Windows 11 , 64 bit Build 22621 (10.0.22621.2506)
Time: Thu Dec 21 06:16:09 2023 SE Asia Standard Time elapsed time: 22.240373 seconds (0d 0h 0m 22s)

---------------  T H R E A D  ---------------

Current thread (0x00000255d9cf0650):  VMThread "VM Thread" [stack: 0x000000baea500000,0x000000baea600000] [id=42852]

Stack: [0x000000baea500000,0x000000baea600000]
Native frames: (J=compiled Java code, j=interpreted, Vv=VM code, C=native code)
V  [jvm.dll+0x683c9a]
V  [jvm.dll+0x8427a4]
V  [jvm.dll+0x843f9e]
V  [jvm.dll+0x844603]
V  [jvm.dll+0x249b75]
V  [jvm.dll+0x680b69]
V  [jvm.dll+0x67505a]
V  [jvm.dll+0x309acb]
V  [jvm.dll+0x310f86]
V  [jvm.dll+0x3608ee]
V  [jvm.dll+0x360b1f]
V  [jvm.dll+0x2dfbf8]
V  [jvm.dll+0x2ddec4]
V  [jvm.dll+0x2dd4cc]
V  [jvm.dll+0x321f3b]
V  [jvm.dll+0x848ccb]
V  [jvm.dll+0x849a04]
V  [jvm.dll+0x849f1d]
V  [jvm.dll+0x84a2f4]
V  [jvm.dll+0x84a3c0]
V  [jvm.dll+0x7f274a]
V  [jvm.dll+0x682ad5]
C  [ucrtbase.dll+0x29363]
C  [KERNEL32.DLL+0x1257d]
C  [ntdll.dll+0x5aa58]

VM_Operation (0x000000bae9ffad60): G1CollectForAllocation, mode: safepoint, requested by thread 0x00000255c080aef0


---------------  P R O C E S S  ---------------

Threads class SMR info:
_java_thread_list=0x00000255daf93ca0, length=15, elements={
0x00000255c080aef0, 0x00000255d9cfd230, 0x00000255d9cfdeb0, 0x00000255da84af20,
0x00000255da84dcb0, 0x00000255da851680, 0x00000255da852030, 0x00000255da85b1c0,
0x00000255da85ecc0, 0x00000255da8676c0, 0x00000255da9d5cd0, 0x00000255da9d4ef0,
0x00000255da8fa660, 0x00000255dafa4d90, 0x00000255db0c5c00
}

Java Threads: ( => current thread )
  0x00000255c080aef0 JavaThread "main" [_thread_blocked, id=36892, stack(0x000000bae9f00000,0x000000baea000000)]
  0x00000255d9cfd230 JavaThread "Reference Handler" daemon [_thread_blocked, id=42420, stack(0x000000baea600000,0x000000baea700000)]
  0x00000255d9cfdeb0 JavaThread "Finalizer" daemon [_thread_blocked, id=50288, stack(0x000000baea700000,0x000000baea800000)]
  0x00000255da84af20 JavaThread "Signal Dispatcher" daemon [_thread_blocked, id=51660, stack(0x000000baea800000,0x000000baea900000)]
  0x00000255da84dcb0 JavaThread "Attach Listener" daemon [_thread_blocked, id=55220, stack(0x000000baea900000,0x000000baeaa00000)]
  0x00000255da851680 JavaThread "Service Thread" daemon [_thread_blocked, id=24956, stack(0x000000baeaa00000,0x000000baeab00000)]
  0x00000255da852030 JavaThread "Monitor Deflation Thread" daemon [_thread_blocked, id=35912, stack(0x000000baeab00000,0x000000baeac00000)]
  0x00000255da85b1c0 JavaThread "C2 CompilerThread0" daemon [_thread_blocked, id=26432, stack(0x000000baeac00000,0x000000baead00000)]
  0x00000255da85ecc0 JavaThread "C1 CompilerThread0" daemon [_thread_blocked, id=55924, stack(0x000000baead00000,0x000000baeae00000)]
  0x00000255da8676c0 JavaThread "Sweeper thread" daemon [_thread_blocked, id=34808, stack(0x000000baeae00000,0x000000baeaf00000)]
  0x00000255da9d5cd0 JavaThread "Notification Thread" daemon [_thread_blocked, id=35488, stack(0x000000baeb000000,0x000000baeb100000)]
  0x00000255da9d4ef0 JavaThread "Common-Cleaner" daemon [_thread_blocked, id=39548, stack(0x000000baeb200000,0x000000baeb300000)]
  0x00000255da8fa660 JavaThread "C1 CompilerThread1" daemon [_thread_blocked, id=47020, stack(0x000000baeaf00000,0x000000baeb000000)]
  0x00000255dafa4d90 JavaThread "C1 CompilerThread2" daemon [_thread_blocked, id=28788, stack(0x000000baeb300000,0x000000baeb400000)]
  0x00000255db0c5c00 JavaThread "C1 CompilerThread3" daemon [_thread_blocked, id=56992, stack(0x000000baeb800000,0x000000baeb900000)]

Other Threads:
=>0x00000255d9cf0650 VMThread "VM Thread" [stack: 0x000000baea500000,0x000000baea600000] [id=42852]
  0x00000255d9c7ee20 WatcherThread [stack: 0x000000baeb100000,0x000000baeb200000] [id=57528]
  0x00000255c0858ac0 GCTaskThread "GC Thread#0" [stack: 0x000000baea000000,0x000000baea100000] [id=56800]
  0x00000255dafa65a0 GCTaskThread "GC Thread#1" [stack: 0x000000baeb400000,0x000000baeb500000] [id=48100]
  0x00000255dafc6b10 GCTaskThread "GC Thread#2" [stack: 0x000000baeb500000,0x000000baeb600000] [id=51376]
  0x00000255dafc6dc0 GCTaskThread "GC Thread#3" [stack: 0x000000baeb600000,0x000000baeb700000] [id=12332]
  0x00000255dafc8070 GCTaskThread "GC Thread#4" [stack: 0x000000baeb700000,0x000000baeb800000] [id=17536]
  0x00000255db29bf90 GCTaskThread "GC Thread#5" [stack: 0x000000baeb900000,0x000000baeba00000] [id=43404]
  0x00000255db29ba30 GCTaskThread "GC Thread#6" [stack: 0x000000baeba00000,0x000000baebb00000] [id=45196]
  0x00000255db29c240 GCTaskThread "GC Thread#7" [stack: 0x000000baebb00000,0x000000baebc00000] [id=6660]
  0x00000255db29c4f0 GCTaskThread "GC Thread#8" [stack: 0x000000baebc00000,0x000000baebd00000] [id=28780]
  0x00000255db29cd00 GCTaskThread "GC Thread#9" [stack: 0x000000baebd00000,0x000000baebe00000] [id=22808]
  0x00000255db29cfb0 GCTaskThread "GC Thread#10" [stack: 0x000000baec000000,0x000000baec100000] [id=40320]
  0x00000255db29d260 GCTaskThread "GC Thread#11" [stack: 0x000000baec100000,0x000000baec200000] [id=58152]
  0x00000255dd9c4680 GCTaskThread "GC Thread#12" [stack: 0x000000baec200000,0x000000baec300000] [id=6528]
  0x00000255c08655c0 ConcurrentGCThread "G1 Main Marker" [stack: 0x000000baea100000,0x000000baea200000] [id=35612]
  0x00000255c0865fd0 ConcurrentGCThread "G1 Conc#0" [stack: 0x000000baea200000,0x000000baea300000] [id=52168]
  0x00000255db29d510 ConcurrentGCThread "G1 Conc#1" [stack: 0x000000baebe00000,0x000000baebf00000] [id=58436]
  0x00000255db29ca50 ConcurrentGCThread "G1 Conc#2" [stack: 0x000000baebf00000,0x000000baec000000] [id=59112]
  0x00000255d9b45950 ConcurrentGCThread "G1 Refine#0" [stack: 0x000000baea300000,0x000000baea400000] [id=11580]
  0x00000255dfde5d50 ConcurrentGCThread "G1 Refine#1" [stack: 0x000000baec300000,0x000000baec400000] [id=23816]
  0x00000255dfde3230 ConcurrentGCThread "G1 Refine#2" [stack: 0x000000baec400000,0x000000baec500000] [id=24484]
  0x00000255dfde6030 ConcurrentGCThread "G1 Refine#3" [stack: 0x000000baec500000,0x000000baec600000] [id=13708]
  0x00000255d9b46180 ConcurrentGCThread "G1 Service" [stack: 0x000000baea400000,0x000000baea500000] [id=49916]

Threads with active compile tasks:

VM state: at safepoint (normal execution)

VM Mutex/Monitor currently owned by a thread:  ([mutex/lock_event])
[0x00000255c0807be0] Threads_lock - owner thread: 0x00000255d9cf0650
[0x00000255c0806e60] Heap_lock - owner thread: 0x00000255c080aef0

Heap address: 0x00000000a2200000, size: 1502 MB, Compressed Oops mode: 32-bit

CDS archive(s) not mapped
Compressed class space mapped at: 0x0000000100000000-0x0000000140000000, reserved size: 1073741824
Narrow klass base: 0x0000000000000000, Narrow klass shift: 3, Narrow klass range: 0x140000000

GC Precious Log:
 CPUs: 16 total, 16 available
 Memory: 6005M
 Large Page Support: Disabled
 NUMA Support: Disabled
 Compressed Oops: Enabled (32-bit)
 Heap Region Size: 1M
 Heap Min Capacity: 8M
 Heap Initial Capacity: 94M
 Heap Max Capacity: 1502M
 Pre-touch: Disabled
 Parallel Workers: 13
 Concurrent Workers: 3
 Concurrent Refinement Workers: 13
 Periodic GC: Disabled

Heap:
 garbage-first heap   total 144384K, used 78384K [0x00000000a2200000, 0x0000000100000000)
  region size 1024K, 3 young (3072K), 3 survivors (3072K)
 Metaspace       used 82657K, committed 83008K, reserved 1130496K
  class space    used 9539K, committed 9728K, reserved 1048576K

Heap Regions: E=young(eden), S=young(survivor), O=old, HS=humongous(starts), HC=humongous(continues), CS=collection set, F=free, OA=open archive, CA=closed archive, TAMS=top-at-mark-start (previous, next)
|   0|0x00000000a2200000, 0x00000000a2300000, 0x00000000a2300000|100%|HS|  |TAMS 0x00000000a2300000, 0x00000000a2300000| Complete 
|   1|0x00000000a2300000, 0x00000000a2400000, 0x00000000a2400000|100%|HC|  |TAMS 0x00000000a2400000, 0x00000000a2400000| Complete 
|   2|0x00000000a2400000, 0x00000000a2500000, 0x00000000a2500000|100%|HC|  |TAMS 0x00000000a2500000, 0x00000000a2500000| Complete 
|   3|0x00000000a2500000, 0x00000000a2600000, 0x00000000a2600000|100%|HC|  |TAMS 0x00000000a2600000, 0x00000000a2600000| Complete 
|   4|0x00000000a2600000, 0x00000000a2700000, 0x00000000a2700000|100%| O|  |TAMS 0x00000000a2700000, 0x00000000a2700000| Untracked 
|   5|0x00000000a2700000, 0x00000000a2800000, 0x00000000a2800000|100%| O|  |TAMS 0x00000000a2800000, 0x00000000a2800000| Untracked 
|   6|0x00000000a2800000, 0x00000000a2900000, 0x00000000a2900000|100%| O|  |TAMS 0x00000000a2900000, 0x00000000a2900000| Untracked 
|   7|0x00000000a2900000, 0x00000000a2a00000, 0x00000000a2a00000|100%| O|  |TAMS 0x00000000a2a00000, 0x00000000a2a00000| Untracked 
|   8|0x00000000a2a00000, 0x00000000a2b00000, 0x00000000a2b00000|100%| O|  |TAMS 0x00000000a2b00000, 0x00000000a2b00000| Untracked 
|   9|0x00000000a2b00000, 0x00000000a2c00000, 0x00000000a2c00000|100%| O|  |TAMS 0x00000000a2c00000, 0x00000000a2c00000| Untracked 
|  10|0x00000000a2c00000, 0x00000000a2d00000, 0x00000000a2d00000|100%| O|  |TAMS 0x00000000a2d00000, 0x00000000a2d00000| Untracked 
|  11|0x00000000a2d00000, 0x00000000a2e00000, 0x00000000a2e00000|100%| O|  |TAMS 0x00000000a2e00000, 0x00000000a2e00000| Untracked 
|  12|0x00000000a2e00000, 0x00000000a2f00000, 0x00000000a2f00000|100%| O|  |TAMS 0x00000000a2f00000, 0x00000000a2f00000| Untracked 
|  13|0x00000000a2f00000, 0x00000000a3000000, 0x00000000a3000000|100%| O|  |TAMS 0x00000000a3000000, 0x00000000a3000000| Untracked 
|  14|0x00000000a3000000, 0x00000000a3100000, 0x00000000a3100000|100%| O|  |TAMS 0x00000000a3100000, 0x00000000a3100000| Untracked 
|  15|0x00000000a3100000, 0x00000000a3200000, 0x00000000a3200000|100%| O|  |TAMS 0x00000000a3200000, 0x00000000a3200000| Untracked 
|  16|0x00000000a3200000, 0x00000000a3300000, 0x00000000a3300000|100%| O|  |TAMS 0x00000000a3300000, 0x00000000a3300000| Untracked 
|  17|0x00000000a3300000, 0x00000000a3400000, 0x00000000a3400000|100%| O|  |TAMS 0x00000000a3400000, 0x00000000a3400000| Untracked 
|  18|0x00000000a3400000, 0x00000000a3500000, 0x00000000a3500000|100%|HS|  |TAMS 0x00000000a3500000, 0x00000000a3500000| Complete 
|  19|0x00000000a3500000, 0x00000000a3600000, 0x00000000a3600000|100%|HC|  |TAMS 0x00000000a3600000, 0x00000000a3600000| Complete 
|  20|0x00000000a3600000, 0x00000000a3700000, 0x00000000a3700000|100%| O|  |TAMS 0x00000000a3700000, 0x00000000a3700000| Untracked 
|  21|0x00000000a3700000, 0x00000000a3800000, 0x00000000a3800000|100%| O|  |TAMS 0x00000000a3800000, 0x00000000a3800000| Untracked 
|  22|0x00000000a3800000, 0x00000000a3900000, 0x00000000a3900000|100%| O|  |TAMS 0x00000000a3900000, 0x00000000a3900000| Untracked 
|  23|0x00000000a3900000, 0x00000000a3a00000, 0x00000000a3a00000|100%| O|  |TAMS 0x00000000a3a00000, 0x00000000a3a00000| Untracked 
|  24|0x00000000a3a00000, 0x00000000a3b00000, 0x00000000a3b00000|100%| O|  |TAMS 0x00000000a3b00000, 0x00000000a3b00000| Untracked 
|  25|0x00000000a3b00000, 0x00000000a3c00000, 0x00000000a3c00000|100%| O|  |TAMS 0x00000000a3c00000, 0x00000000a3c00000| Untracked 
|  26|0x00000000a3c00000, 0x00000000a3d00000, 0x00000000a3d00000|100%| O|  |TAMS 0x00000000a3d00000, 0x00000000a3d00000| Untracked 
|  27|0x00000000a3d00000, 0x00000000a3e00000, 0x00000000a3e00000|100%| O|  |TAMS 0x00000000a3d00000, 0x00000000a3e00000| Untracked 
|  28|0x00000000a3e00000, 0x00000000a3f00000, 0x00000000a3f00000|100%| O|  |TAMS 0x00000000a3f00000, 0x00000000a3f00000| Untracked 
|  29|0x00000000a3f00000, 0x00000000a4000000, 0x00000000a4000000|100%| O|  |TAMS 0x00000000a4000000, 0x00000000a4000000| Untracked 
|  30|0x00000000a4000000, 0x00000000a4000000, 0x00000000a4100000|  0%| F|  |TAMS 0x00000000a4000000, 0x00000000a4000000| Untracked 
|  31|0x00000000a4100000, 0x00000000a4200000, 0x00000000a4200000|100%| O|  |TAMS 0x00000000a4200000, 0x00000000a4200000| Untracked 
|  32|0x00000000a4200000, 0x00000000a4300000, 0x00000000a4300000|100%| O|  |TAMS 0x00000000a4300000, 0x00000000a4300000| Untracked 
|  33|0x00000000a4300000, 0x00000000a4400000, 0x00000000a4400000|100%| O|  |TAMS 0x00000000a4400000, 0x00000000a4400000| Untracked 
|  34|0x00000000a4400000, 0x00000000a4500000, 0x00000000a4500000|100%| O|  |TAMS 0x00000000a4500000, 0x00000000a4500000| Untracked 
|  35|0x00000000a4500000, 0x00000000a4600000, 0x00000000a4600000|100%| O|  |TAMS 0x00000000a4600000, 0x00000000a4600000| Untracked 
|  36|0x00000000a4600000, 0x00000000a4700000, 0x00000000a4700000|100%| O|  |TAMS 0x00000000a4700000, 0x00000000a4700000| Untracked 
|  37|0x00000000a4700000, 0x00000000a4800000, 0x00000000a4800000|100%| O|  |TAMS 0x00000000a4800000, 0x00000000a4800000| Untracked 
|  38|0x00000000a4800000, 0x00000000a4900000, 0x00000000a4900000|100%| O|  |TAMS 0x00000000a4900000, 0x00000000a4900000| Untracked 
|  39|0x00000000a4900000, 0x00000000a4a00000, 0x00000000a4a00000|100%| O|  |TAMS 0x00000000a4a00000, 0x00000000a4a00000| Untracked 
|  40|0x00000000a4a00000, 0x00000000a4b00000, 0x00000000a4b00000|100%| O|  |TAMS 0x00000000a4b00000, 0x00000000a4b00000| Untracked 
|  41|0x00000000a4b00000, 0x00000000a4c00000, 0x00000000a4c00000|100%| O|  |TAMS 0x00000000a4c00000, 0x00000000a4c00000| Untracked 
|  42|0x00000000a4c00000, 0x00000000a4d00000, 0x00000000a4d00000|100%| O|  |TAMS 0x00000000a4d00000, 0x00000000a4d00000| Untracked 
|  43|0x00000000a4d00000, 0x00000000a4e00000, 0x00000000a4e00000|100%| O|  |TAMS 0x00000000a4e00000, 0x00000000a4e00000| Untracked 
|  44|0x00000000a4e00000, 0x00000000a4f00000, 0x00000000a4f00000|100%| O|  |TAMS 0x00000000a4f00000, 0x00000000a4f00000| Untracked 
|  45|0x00000000a4f00000, 0x00000000a5000000, 0x00000000a5000000|100%| O|  |TAMS 0x00000000a5000000, 0x00000000a5000000| Untracked 
|  46|0x00000000a5000000, 0x00000000a5100000, 0x00000000a5100000|100%| O|  |TAMS 0x00000000a5100000, 0x00000000a5100000| Untracked 
|  47|0x00000000a5100000, 0x00000000a5200000, 0x00000000a5200000|100%| O|  |TAMS 0x00000000a5200000, 0x00000000a5200000| Untracked 
|  48|0x00000000a5200000, 0x00000000a5300000, 0x00000000a5300000|100%| O|  |TAMS 0x00000000a5300000, 0x00000000a5300000| Untracked 
|  49|0x00000000a5300000, 0x00000000a5400000, 0x00000000a5400000|100%| O|  |TAMS 0x00000000a5400000, 0x00000000a5400000| Untracked 
|  50|0x00000000a5400000, 0x00000000a5500000, 0x00000000a5500000|100%| O|  |TAMS 0x00000000a5500000, 0x00000000a5500000| Untracked 
|  51|0x00000000a5500000, 0x00000000a5600000, 0x00000000a5600000|100%| O|  |TAMS 0x00000000a5600000, 0x00000000a5600000| Untracked 
|  52|0x00000000a5600000, 0x00000000a5700000, 0x00000000a5700000|100%| O|  |TAMS 0x00000000a5700000, 0x00000000a5700000| Untracked 
|  53|0x00000000a5700000, 0x00000000a5800000, 0x00000000a5800000|100%| O|  |TAMS 0x00000000a5800000, 0x00000000a5800000| Untracked 
|  54|0x00000000a5800000, 0x00000000a5900000, 0x00000000a5900000|100%| O|  |TAMS 0x00000000a5900000, 0x00000000a5900000| Untracked 
|  55|0x00000000a5900000, 0x00000000a5a00000, 0x00000000a5a00000|100%| O|  |TAMS 0x00000000a5a00000, 0x00000000a5a00000| Untracked 
|  56|0x00000000a5a00000, 0x00000000a5b00000, 0x00000000a5b00000|100%| O|  |TAMS 0x00000000a5b00000, 0x00000000a5b00000| Untracked 
|  57|0x00000000a5b00000, 0x00000000a5c00000, 0x00000000a5c00000|100%| O|  |TAMS 0x00000000a5c00000, 0x00000000a5c00000| Untracked 
|  58|0x00000000a5c00000, 0x00000000a5d00000, 0x00000000a5d00000|100%| O|  |TAMS 0x00000000a5d00000, 0x00000000a5d00000| Untracked 
|  59|0x00000000a5d00000, 0x00000000a5e00000, 0x00000000a5e00000|100%| O|  |TAMS 0x00000000a5e00000, 0x00000000a5e00000| Untracked 
|  60|0x00000000a5e00000, 0x00000000a5f00000, 0x00000000a5f00000|100%| O|  |TAMS 0x00000000a5f00000, 0x00000000a5f00000| Untracked 
|  61|0x00000000a5f00000, 0x00000000a6000000, 0x00000000a6000000|100%| O|  |TAMS 0x00000000a6000000, 0x00000000a6000000| Untracked 
|  62|0x00000000a6000000, 0x00000000a6100000, 0x00000000a6100000|100%| O|  |TAMS 0x00000000a6100000, 0x00000000a6100000| Untracked 
|  63|0x00000000a6100000, 0x00000000a6200000, 0x00000000a6200000|100%| O|  |TAMS 0x00000000a6200000, 0x00000000a6200000| Untracked 
|  64|0x00000000a6200000, 0x00000000a6300000, 0x00000000a6300000|100%| O|  |TAMS 0x00000000a6300000, 0x00000000a6300000| Untracked 
|  65|0x00000000a6300000, 0x00000000a6400000, 0x00000000a6400000|100%| O|  |TAMS 0x00000000a6400000, 0x00000000a6400000| Untracked 
|  66|0x00000000a6400000, 0x00000000a6500000, 0x00000000a6500000|100%| O|  |TAMS 0x00000000a6500000, 0x00000000a6500000| Untracked 
|  67|0x00000000a6500000, 0x00000000a6600000, 0x00000000a6600000|100%| O|  |TAMS 0x00000000a65cfa00, 0x00000000a6600000| Untracked 
|  68|0x00000000a6600000, 0x00000000a6700000, 0x00000000a6700000|100%| O|  |TAMS 0x00000000a6600000, 0x00000000a6700000| Untracked 
|  69|0x00000000a6700000, 0x00000000a6800000, 0x00000000a6800000|100%| O|  |TAMS 0x00000000a6700000, 0x00000000a6800000| Untracked 
|  70|0x00000000a6800000, 0x00000000a6900000, 0x00000000a6900000|100%| O|  |TAMS 0x00000000a6800000, 0x00000000a6900000| Untracked 
|  71|0x00000000a6900000, 0x00000000a6a00000, 0x00000000a6a00000|100%| O|  |TAMS 0x00000000a6900000, 0x00000000a6a00000| Untracked 
|  72|0x00000000a6a00000, 0x00000000a6b00000, 0x00000000a6b00000|100%| O|  |TAMS 0x00000000a6a00000, 0x00000000a6b00000| Untracked 
|  73|0x00000000a6b00000, 0x00000000a6c00000, 0x00000000a6c00000|100%| O|  |TAMS 0x00000000a6b00000, 0x00000000a6c00000| Untracked 
|  74|0x00000000a6c00000, 0x00000000a6c34000, 0x00000000a6d00000| 20%| O|  |TAMS 0x00000000a6c00000, 0x00000000a6c34000| Untracked 
|  75|0x00000000a6d00000, 0x00000000a6d00000, 0x00000000a6e00000|  0%| F|  |TAMS 0x00000000a6d00000, 0x00000000a6d00000| Untracked 
|  76|0x00000000a6e00000, 0x00000000a6e00000, 0x00000000a6f00000|  0%| F|  |TAMS 0x00000000a6e00000, 0x00000000a6e00000| Untracked 
|  77|0x00000000a6f00000, 0x00000000a6f00000, 0x00000000a7000000|  0%| F|  |TAMS 0x00000000a6f00000, 0x00000000a6f00000| Untracked 
|  78|0x00000000a7000000, 0x00000000a7000000, 0x00000000a7100000|  0%| F|  |TAMS 0x00000000a7000000, 0x00000000a7000000| Untracked 
|  79|0x00000000a7100000, 0x00000000a7100000, 0x00000000a7200000|  0%| F|  |TAMS 0x00000000a7100000, 0x00000000a7100000| Untracked 
|  80|0x00000000a7200000, 0x00000000a7200000, 0x00000000a7300000|  0%| F|  |TAMS 0x00000000a7200000, 0x00000000a7200000| Untracked 
|  81|0x00000000a7300000, 0x00000000a7300000, 0x00000000a7400000|  0%| F|  |TAMS 0x00000000a7300000, 0x00000000a7300000| Untracked 
|  82|0x00000000a7400000, 0x00000000a7400000, 0x00000000a7500000|  0%| F|  |TAMS 0x00000000a7400000, 0x00000000a7400000| Untracked 
|  83|0x00000000a7500000, 0x00000000a7500000, 0x00000000a7600000|  0%| F|  |TAMS 0x00000000a7500000, 0x00000000a7500000| Untracked 
|  84|0x00000000a7600000, 0x00000000a7600000, 0x00000000a7700000|  0%| F|  |TAMS 0x00000000a7600000, 0x00000000a7600000| Untracked 
|  85|0x00000000a7700000, 0x00000000a7700000, 0x00000000a7800000|  0%| F|  |TAMS 0x00000000a7700000, 0x00000000a7700000| Untracked 
|  86|0x00000000a7800000, 0x00000000a7800000, 0x00000000a7900000|  0%| F|  |TAMS 0x00000000a7800000, 0x00000000a7800000| Untracked 
|  87|0x00000000a7900000, 0x00000000a7900000, 0x00000000a7a00000|  0%| F|  |TAMS 0x00000000a7900000, 0x00000000a7900000| Untracked 
|  88|0x00000000a7a00000, 0x00000000a7a00000, 0x00000000a7b00000|  0%| F|  |TAMS 0x00000000a7a00000, 0x00000000a7a00000| Untracked 
|  89|0x00000000a7b00000, 0x00000000a7b00000, 0x00000000a7c00000|  0%| F|  |TAMS 0x00000000a7b00000, 0x00000000a7b00000| Untracked 
|  90|0x00000000a7c00000, 0x00000000a7c00000, 0x00000000a7d00000|  0%| F|  |TAMS 0x00000000a7c00000, 0x00000000a7c00000| Untracked 
|  91|0x00000000a7d00000, 0x00000000a7d00000, 0x00000000a7e00000|  0%| F|  |TAMS 0x00000000a7d00000, 0x00000000a7d00000| Untracked 
|  92|0x00000000a7e00000, 0x00000000a7e00000, 0x00000000a7f00000|  0%| F|  |TAMS 0x00000000a7e00000, 0x00000000a7e00000| Untracked 
|  93|0x00000000a7f00000, 0x00000000a7f00000, 0x00000000a8000000|  0%| F|  |TAMS 0x00000000a7f00000, 0x00000000a7f00000| Untracked 
|  94|0x00000000a8000000, 0x00000000a8000000, 0x00000000a8100000|  0%| F|  |TAMS 0x00000000a8000000, 0x00000000a8000000| Untracked 
|  95|0x00000000a8100000, 0x00000000a8100000, 0x00000000a8200000|  0%| F|  |TAMS 0x00000000a8100000, 0x00000000a8100000| Untracked 
|  96|0x00000000a8200000, 0x00000000a8200000, 0x00000000a8300000|  0%| F|  |TAMS 0x00000000a8200000, 0x00000000a8200000| Untracked 
|  97|0x00000000a8300000, 0x00000000a8300000, 0x00000000a8400000|  0%| F|  |TAMS 0x00000000a8300000, 0x00000000a8300000| Untracked 
|  98|0x00000000a8400000, 0x00000000a8400000, 0x00000000a8500000|  0%| F|  |TAMS 0x00000000a8400000, 0x00000000a8400000| Untracked 
|  99|0x00000000a8500000, 0x00000000a8500000, 0x00000000a8600000|  0%| F|  |TAMS 0x00000000a8500000, 0x00000000a8500000| Untracked 
| 100|0x00000000a8600000, 0x00000000a8658048, 0x00000000a8700000| 34%| S|CS|TAMS 0x00000000a8600000, 0x00000000a8600000| Complete 
| 101|0x00000000a8700000, 0x00000000a8800000, 0x00000000a8800000|100%| S|CS|TAMS 0x00000000a8700000, 0x00000000a8700000| Complete 
| 102|0x00000000a8800000, 0x00000000a8900000, 0x00000000a8900000|100%| S|CS|TAMS 0x00000000a8800000, 0x00000000a8800000| Complete 
| 103|0x00000000a8900000, 0x00000000a8900000, 0x00000000a8a00000|  0%| F|  |TAMS 0x00000000a8900000, 0x00000000a8900000| Untracked 
| 104|0x00000000a8a00000, 0x00000000a8a00000, 0x00000000a8b00000|  0%| F|  |TAMS 0x00000000a8a00000, 0x00000000a8a00000| Untracked 
| 105|0x00000000a8b00000, 0x00000000a8b00000, 0x00000000a8c00000|  0%| F|  |TAMS 0x00000000a8b00000, 0x00000000a8b00000| Untracked 
| 106|0x00000000a8c00000, 0x00000000a8c00000, 0x00000000a8d00000|  0%| F|  |TAMS 0x00000000a8c00000, 0x00000000a8c00000| Untracked 
| 107|0x00000000a8d00000, 0x00000000a8d00000, 0x00000000a8e00000|  0%| F|  |TAMS 0x00000000a8d00000, 0x00000000a8d00000| Untracked 
| 108|0x00000000a8e00000, 0x00000000a8e00000, 0x00000000a8f00000|  0%| F|  |TAMS 0x00000000a8e00000, 0x00000000a8e00000| Untracked 
| 109|0x00000000a8f00000, 0x00000000a8f00000, 0x00000000a9000000|  0%| F|  |TAMS 0x00000000a8f00000, 0x00000000a8f00000| Untracked 
| 110|0x00000000a9000000, 0x00000000a9000000, 0x00000000a9100000|  0%| F|  |TAMS 0x00000000a9000000, 0x00000000a9000000| Untracked 
| 111|0x00000000a9100000, 0x00000000a9100000, 0x00000000a9200000|  0%| F|  |TAMS 0x00000000a9100000, 0x00000000a9100000| Untracked 
| 112|0x00000000a9200000, 0x00000000a9200000, 0x00000000a9300000|  0%| F|  |TAMS 0x00000000a9200000, 0x00000000a9200000| Untracked 
| 113|0x00000000a9300000, 0x00000000a9300000, 0x00000000a9400000|  0%| F|  |TAMS 0x00000000a9300000, 0x00000000a9300000| Untracked 
| 114|0x00000000a9400000, 0x00000000a9400000, 0x00000000a9500000|  0%| F|  |TAMS 0x00000000a9400000, 0x00000000a9400000| Untracked 
| 115|0x00000000a9500000, 0x00000000a9500000, 0x00000000a9600000|  0%| F|  |TAMS 0x00000000a9500000, 0x00000000a9500000| Untracked 
| 116|0x00000000a9600000, 0x00000000a9600000, 0x00000000a9700000|  0%| F|  |TAMS 0x00000000a9600000, 0x00000000a9600000| Untracked 
| 117|0x00000000a9700000, 0x00000000a9700000, 0x00000000a9800000|  0%| F|  |TAMS 0x00000000a9700000, 0x00000000a9700000| Untracked 
| 118|0x00000000a9800000, 0x00000000a9800000, 0x00000000a9900000|  0%| F|  |TAMS 0x00000000a9800000, 0x00000000a9800000| Untracked 
| 119|0x00000000a9900000, 0x00000000a9900000, 0x00000000a9a00000|  0%| F|  |TAMS 0x00000000a9900000, 0x00000000a9900000| Untracked 
| 120|0x00000000a9a00000, 0x00000000a9a00000, 0x00000000a9b00000|  0%| F|  |TAMS 0x00000000a9a00000, 0x00000000a9a00000| Untracked 
| 121|0x00000000a9b00000, 0x00000000a9b00000, 0x00000000a9c00000|  0%| F|  |TAMS 0x00000000a9b00000, 0x00000000a9b00000| Untracked 
| 122|0x00000000a9c00000, 0x00000000a9c00000, 0x00000000a9d00000|  0%| F|  |TAMS 0x00000000a9c00000, 0x00000000a9c00000| Untracked 
| 123|0x00000000a9d00000, 0x00000000a9d00000, 0x00000000a9e00000|  0%| F|  |TAMS 0x00000000a9d00000, 0x00000000a9d00000| Untracked 
| 124|0x00000000a9e00000, 0x00000000a9e00000, 0x00000000a9f00000|  0%| F|  |TAMS 0x00000000a9e00000, 0x00000000a9e00000| Untracked 
| 125|0x00000000a9f00000, 0x00000000a9f00000, 0x00000000aa000000|  0%| F|  |TAMS 0x00000000a9f00000, 0x00000000a9f00000| Untracked 
| 126|0x00000000aa000000, 0x00000000aa000000, 0x00000000aa100000|  0%| F|  |TAMS 0x00000000aa000000, 0x00000000aa000000| Untracked 
| 127|0x00000000aa100000, 0x00000000aa100000, 0x00000000aa200000|  0%| F|  |TAMS 0x00000000aa100000, 0x00000000aa100000| Untracked 
| 128|0x00000000aa200000, 0x00000000aa200000, 0x00000000aa300000|  0%| F|  |TAMS 0x00000000aa200000, 0x00000000aa200000| Untracked 
| 129|0x00000000aa300000, 0x00000000aa300000, 0x00000000aa400000|  0%| F|  |TAMS 0x00000000aa300000, 0x00000000aa300000| Untracked 
| 130|0x00000000aa400000, 0x00000000aa400000, 0x00000000aa500000|  0%| F|  |TAMS 0x00000000aa400000, 0x00000000aa400000| Untracked 
| 131|0x00000000aa500000, 0x00000000aa500000, 0x00000000aa600000|  0%| F|  |TAMS 0x00000000aa500000, 0x00000000aa500000| Untracked 
| 132|0x00000000aa600000, 0x00000000aa600000, 0x00000000aa700000|  0%| F|  |TAMS 0x00000000aa600000, 0x00000000aa600000| Untracked 
| 133|0x00000000aa700000, 0x00000000aa700000, 0x00000000aa800000|  0%| F|  |TAMS 0x00000000aa700000, 0x00000000aa700000| Untracked 
| 134|0x00000000aa800000, 0x00000000aa800000, 0x00000000aa900000|  0%| F|  |TAMS 0x00000000aa800000, 0x00000000aa800000| Untracked 
| 135|0x00000000aa900000, 0x00000000aa900000, 0x00000000aaa00000|  0%| F|  |TAMS 0x00000000aa900000, 0x00000000aa900000| Untracked 
| 136|0x00000000aaa00000, 0x00000000aaa00000, 0x00000000aab00000|  0%| F|  |TAMS 0x00000000aaa00000, 0x00000000aaa00000| Untracked 
| 137|0x00000000aab00000, 0x00000000aab00000, 0x00000000aac00000|  0%| F|  |TAMS 0x00000000aab00000, 0x00000000aab00000| Untracked 
| 138|0x00000000aac00000, 0x00000000aac00000, 0x00000000aad00000|  0%| F|  |TAMS 0x00000000aac00000, 0x00000000aac00000| Untracked 
| 139|0x00000000aad00000, 0x00000000aad00000, 0x00000000aae00000|  0%| F|  |TAMS 0x00000000aad00000, 0x00000000aad00000| Untracked 
|1501|0x00000000fff00000, 0x0000000100000000, 0x0000000100000000|100%| O|  |TAMS 0x0000000100000000, 0x0000000100000000| Untracked 

Card table byte_map: [0x00000255d3840000,0x00000255d3b30000] _byte_map_base: 0x00000255d332f000

Marking Bits (Prev, Next): (CMBitMap*) 0x00000255c08590d0, (CMBitMap*) 0x00000255c0859110
 Prev Bits: [0x00000255d3e20000, 0x00000255d5598000)
 Next Bits: [0x00000255d55a0000, 0x00000255d6d18000)

Polling page: 0x00000255be800000

Metaspace:

Usage:
  Non-class:     71.40 MB used.
      Class:      9.32 MB used.
       Both:     80.72 MB used.

Virtual space:
  Non-class space:       80.00 MB reserved,      71.56 MB ( 89%) committed,  10 nodes.
      Class space:        1.00 GB reserved,       9.50 MB ( <1%) committed,  1 nodes.
             Both:        1.08 GB reserved,      81.06 MB (  7%) committed. 

Chunk freelists:
   Non-Class:  3.59 MB
       Class:  2.34 MB
        Both:  5.94 MB

MaxMetaspaceSize: unlimited
CompressedClassSpaceSize: 1.00 GB
Initial GC threshold: 21.00 MB
Current GC threshold: 123.38 MB
CDS: off
MetaspaceReclaimPolicy: balanced
 - commit_granule_bytes: 65536.
 - commit_granule_words: 8192.
 - virtual_space_node_default_size: 1048576.
 - enlarge_chunks_in_place: 1.
 - new_chunks_are_fully_committed: 0.
 - uncommit_free_chunks: 1.
 - use_allocation_guard: 0.
 - handle_deallocations: 1.


Internal statistics:

num_allocs_failed_limit: 6.
num_arena_births: 266.
num_arena_deaths: 0.
num_vsnodes_births: 11.
num_vsnodes_deaths: 0.
num_space_committed: 1295.
num_space_uncommitted: 0.
num_chunks_returned_to_freelist: 6.
num_chunks_taken_from_freelist: 2862.
num_chunk_merges: 6.
num_chunk_splits: 2392.
num_chunks_enlarged: 2163.
num_purges: 0.
num_inconsistent_stats: 0.

CodeHeap 'non-profiled nmethods': size=119168Kb used=3565Kb max_used=3565Kb free=115602Kb
 bounds [0x00000255cb870000, 0x00000255cbbf0000, 0x00000255d2cd0000]
CodeHeap 'profiled nmethods': size=119104Kb used=20980Kb max_used=20980Kb free=98123Kb
 bounds [0x00000255c3cd0000, 0x00000255c5150000, 0x00000255cb120000]
CodeHeap 'non-nmethods': size=7488Kb used=3071Kb max_used=3112Kb free=4416Kb
 bounds [0x00000255cb120000, 0x00000255cb440000, 0x00000255cb870000]
 total_blobs=9692 nmethods=8980 adapters=619
 compilation: enabled
              stopped_count=0, restarted_count=0
 full_count=0

Compilation events (20 events):
Event: 22.203 Thread 0x00000255da85ecc0 9983       3       com.sun.tools.javac.util.Context::checkState (13 bytes)
Event: 22.204 Thread 0x00000255da85ecc0 nmethod 9983 0x00000255c514b090 code [0x00000255c514b240, 0x00000255c514b448]
Event: 22.210 Thread 0x00000255da85b1c0 9984       4       java.nio.ByteBuffer::position (8 bytes)
Event: 22.211 Thread 0x00000255da85b1c0 nmethod 9984 0x00000255cbbeaf10 code [0x00000255cbbeb080, 0x00000255cbbeb158]
Event: 22.221 Thread 0x00000255db0c5c00 9985       3       com.sun.tools.javac.util.Context::uncheckedCast (2 bytes)
Event: 22.221 Thread 0x00000255db0c5c00 nmethod 9985 0x00000255c514b510 code [0x00000255c514b6a0, 0x00000255c514b798]
Event: 22.222 Thread 0x00000255db0c5c00 9986       3       java.lang.invoke.DelegatingMethodHandle::rebind (8 bytes)
Event: 22.222 Thread 0x00000255da8fa660 9987       3       java.lang.invoke.SimpleMethodHandle::speciesData (4 bytes)
Event: 22.222 Thread 0x00000255da85ecc0 9988       3       java.lang.invoke.SimpleMethodHandle::copyWithExtendL (7 bytes)
Event: 22.222 Thread 0x00000255dafa4d90 9989       3       java.lang.invoke.BoundMethodHandle::bindSingle (7 bytes)
Event: 22.222 Thread 0x00000255dafa4d90 nmethod 9989 0x00000255c514b810 code [0x00000255c514b9a0, 0x00000255c514baa8]
Event: 22.222 Thread 0x00000255da8fa660 nmethod 9987 0x00000255c514bb90 code [0x00000255c514bd20, 0x00000255c514be38]
Event: 22.222 Thread 0x00000255db0c5c00 nmethod 9986 0x00000255c514bf10 code [0x00000255c514c0c0, 0x00000255c514c338]
Event: 22.222 Thread 0x00000255da85ecc0 nmethod 9988 0x00000255c514c410 code [0x00000255c514c5c0, 0x00000255c514c768]
Event: 22.224 Thread 0x00000255da85b1c0 9990       4       jdk.internal.org.objectweb.asm.MethodWriter::visitEnd (1 bytes)
Event: 22.224 Thread 0x00000255da85b1c0 nmethod 9990 0x00000255cbbeb290 code [0x00000255cbbeb400, 0x00000255cbbeb478]
Event: 22.227 Thread 0x00000255db0c5c00 9991       3       com.sun.tools.javac.util.List::nil (4 bytes)
Event: 22.227 Thread 0x00000255da85ecc0 9992       3       com.sun.tools.javac.util.List::<init> (15 bytes)
Event: 22.227 Thread 0x00000255db0c5c00 nmethod 9991 0x00000255c514c890 code [0x00000255c514ca20, 0x00000255c514cb18]
Event: 22.227 Thread 0x00000255da85ecc0 nmethod 9992 0x00000255c514cb90 code [0x00000255c514cd40, 0x00000255c514cfb8]

GC Heap History (20 events):
Event: 16.647 GC heap after
{Heap after GC invocations=24 (full 0):
 garbage-first heap   total 119808K, used 42139K [0x00000000a2200000, 0x0000000100000000)
  region size 1024K, 7 young (7168K), 7 survivors (7168K)
 Metaspace       used 59350K, committed 59648K, reserved 1105920K
  class space    used 7185K, committed 7296K, reserved 1048576K
}
Event: 17.343 GC heap before
{Heap before GC invocations=24 (full 0):
 garbage-first heap   total 119808K, used 85147K [0x00000000a2200000, 0x0000000100000000)
  region size 1024K, 49 young (50176K), 7 survivors (7168K)
 Metaspace       used 59727K, committed 60032K, reserved 1105920K
  class space    used 7212K, committed 7360K, reserved 1048576K
}
Event: 17.368 GC heap after
{Heap after GC invocations=25 (full 0):
 garbage-first heap   total 119808K, used 50179K [0x00000000a2200000, 0x0000000100000000)
  region size 1024K, 7 young (7168K), 7 survivors (7168K)
 Metaspace       used 59727K, committed 60032K, reserved 1105920K
  class space    used 7212K, committed 7360K, reserved 1048576K
}
Event: 18.323 GC heap before
{Heap before GC invocations=25 (full 0):
 garbage-first heap   total 119808K, used 88067K [0x00000000a2200000, 0x0000000100000000)
  region size 1024K, 44 young (45056K), 7 survivors (7168K)
 Metaspace       used 65519K, committed 65856K, reserved 1114112K
  class space    used 7844K, committed 8000K, reserved 1048576K
}
Event: 18.343 GC heap after
{Heap after GC invocations=26 (full 0):
 garbage-first heap   total 119808K, used 55691K [0x00000000a2200000, 0x0000000100000000)
  region size 1024K, 5 young (5120K), 5 survivors (5120K)
 Metaspace       used 65519K, committed 65856K, reserved 1114112K
  class space    used 7844K, committed 8000K, reserved 1048576K
}
Event: 18.937 GC heap before
{Heap before GC invocations=26 (full 0):
 garbage-first heap   total 119808K, used 90507K [0x00000000a2200000, 0x0000000100000000)
  region size 1024K, 39 young (39936K), 5 survivors (5120K)
 Metaspace       used 67224K, committed 67520K, reserved 1114112K
  class space    used 7983K, committed 8128K, reserved 1048576K
}
Event: 18.954 GC heap after
{Heap after GC invocations=27 (full 0):
 garbage-first heap   total 119808K, used 62347K [0x00000000a2200000, 0x0000000100000000)
  region size 1024K, 5 young (5120K), 5 survivors (5120K)
 Metaspace       used 67224K, committed 67520K, reserved 1114112K
  class space    used 7983K, committed 8128K, reserved 1048576K
}
Event: 20.389 GC heap before
{Heap before GC invocations=27 (full 0):
 garbage-first heap   total 119808K, used 93067K [0x00000000a2200000, 0x0000000100000000)
  region size 1024K, 35 young (35840K), 5 survivors (5120K)
 Metaspace       used 74208K, committed 74496K, reserved 1122304K
  class space    used 8698K, committed 8832K, reserved 1048576K
}
Event: 20.400 GC heap after
{Heap after GC invocations=28 (full 0):
 garbage-first heap   total 144384K, used 65411K [0x00000000a2200000, 0x0000000100000000)
  region size 1024K, 3 young (3072K), 3 survivors (3072K)
 Metaspace       used 74208K, committed 74496K, reserved 1122304K
  class space    used 8698K, committed 8832K, reserved 1048576K
}
Event: 20.806 GC heap before
{Heap before GC invocations=29 (full 0):
 garbage-first heap   total 144384K, used 105347K [0x00000000a2200000, 0x0000000100000000)
  region size 1024K, 42 young (43008K), 3 survivors (3072K)
 Metaspace       used 75463K, committed 75712K, reserved 1122304K
  class space    used 8784K, committed 8896K, reserved 1048576K
}
Event: 20.817 GC heap after
{Heap after GC invocations=30 (full 0):
 garbage-first heap   total 144384K, used 69704K [0x00000000a2200000, 0x0000000100000000)
  region size 1024K, 6 young (6144K), 6 survivors (6144K)
 Metaspace       used 75463K, committed 75712K, reserved 1122304K
  class space    used 8784K, committed 8896K, reserved 1048576K
}
Event: 20.826 GC heap before
{Heap before GC invocations=30 (full 0):
 garbage-first heap   total 144384K, used 70728K [0x00000000a2200000, 0x0000000100000000)
  region size 1024K, 7 young (7168K), 6 survivors (6144K)
 Metaspace       used 75464K, committed 75712K, reserved 1122304K
  class space    used 8784K, committed 8896K, reserved 1048576K
}
Event: 20.834 GC heap after
{Heap after GC invocations=31 (full 0):
 garbage-first heap   total 144384K, used 69834K [0x00000000a2200000, 0x0000000100000000)
  region size 1024K, 1 young (1024K), 1 survivors (1024K)
 Metaspace       used 75464K, committed 75712K, reserved 1122304K
  class space    used 8784K, committed 8896K, reserved 1048576K
}
Event: 20.967 GC heap before
{Heap before GC invocations=31 (full 0):
 garbage-first heap   total 144384K, used 108746K [0x00000000a2200000, 0x0000000100000000)
  region size 1024K, 39 young (39936K), 1 survivors (1024K)
 Metaspace       used 75524K, committed 75776K, reserved 1122304K
  class space    used 8786K, committed 8896K, reserved 1048576K
}
Event: 20.974 GC heap after
{Heap after GC invocations=32 (full 0):
 garbage-first heap   total 144384K, used 72817K [0x00000000a2200000, 0x0000000100000000)
  region size 1024K, 4 young (4096K), 4 survivors (4096K)
 Metaspace       used 75524K, committed 75776K, reserved 1122304K
  class space    used 8786K, committed 8896K, reserved 1048576K
}
Event: 21.349 GC heap before
{Heap before GC invocations=33 (full 0):
 garbage-first heap   total 144384K, used 109681K [0x00000000a2200000, 0x0000000100000000)
  region size 1024K, 41 young (41984K), 4 survivors (4096K)
 Metaspace       used 77636K, committed 77888K, reserved 1122304K
  class space    used 8965K, committed 9088K, reserved 1048576K
}
Event: 21.360 GC heap after
{Heap after GC invocations=34 (full 0):
 garbage-first heap   total 144384K, used 76096K [0x00000000a2200000, 0x0000000100000000)
  region size 1024K, 4 young (4096K), 4 survivors (4096K)
 Metaspace       used 77636K, committed 77888K, reserved 1122304K
  class space    used 8965K, committed 9088K, reserved 1048576K
}
Event: 21.378 GC heap before
{Heap before GC invocations=34 (full 0):
 garbage-first heap   total 144384K, used 79168K [0x00000000a2200000, 0x0000000100000000)
  region size 1024K, 7 young (7168K), 4 survivors (4096K)
 Metaspace       used 77637K, committed 77888K, reserved 1122304K
  class space    used 8965K, committed 9088K, reserved 1048576K
}
Event: 21.385 GC heap after
{Heap after GC invocations=35 (full 0):
 garbage-first heap   total 144384K, used 76623K [0x00000000a2200000, 0x0000000100000000)
  region size 1024K, 1 young (1024K), 1 survivors (1024K)
 Metaspace       used 77637K, committed 77888K, reserved 1122304K
  class space    used 8965K, committed 9088K, reserved 1048576K
}
Event: 22.230 GC heap before
{Heap before GC invocations=35 (full 0):
 garbage-first heap   total 144384K, used 112463K [0x00000000a2200000, 0x0000000100000000)
  region size 1024K, 37 young (37888K), 1 survivors (1024K)
 Metaspace       used 82657K, committed 83008K, reserved 1130496K
  class space    used 9539K, committed 9728K, reserved 1048576K
}

Dll operation events (2 events):
Event: 0.012 Loaded shared library C:\Program Files\Android\Android Studio\jbr\bin\java.dll
Event: 12.330 Loaded shared library C:\Program Files\Android\Android Studio\jbr\bin\verify.dll

Deoptimization events (20 events):
Event: 21.870 Thread 0x00000255c080aef0 Uncommon trap: trap_request=0x00000076 fr.pc=0x00000255cbaee7b4 relative=0x0000000000000574
Event: 21.870 Thread 0x00000255c080aef0 Uncommon trap: reason=unloaded action=reinterpret pc=0x00000255cbaee7b4 method=java.util.jar.JarFile.getManifestFromReference()Ljava/util/jar/Manifest; @ 69 c2
Event: 21.870 Thread 0x00000255c080aef0 DEOPT PACKING pc=0x00000255cbaee7b4 sp=0x000000bae9ffd440
Event: 21.870 Thread 0x00000255c080aef0 DEOPT UNPACKING pc=0x00000255cb1769a3 sp=0x000000bae9ffd3e8 mode 2
Event: 22.125 Thread 0x00000255c080aef0 Uncommon trap: trap_request=0xffffffbe fr.pc=0x00000255cbbe8d24 relative=0x0000000000000504
Event: 22.125 Thread 0x00000255c080aef0 Uncommon trap: reason=profile_predicate action=maybe_recompile pc=0x00000255cbbe8d24 method=jdk.internal.jimage.ImageStringsReader.stringFromByteBufferMatches(Ljava/nio/ByteBuffer;ILjava/lang/String;I)I @ 19 c2
Event: 22.125 Thread 0x00000255c080aef0 DEOPT PACKING pc=0x00000255cbbe8d24 sp=0x000000bae9ffc980
Event: 22.125 Thread 0x00000255c080aef0 DEOPT UNPACKING pc=0x00000255cb1769a3 sp=0x000000bae9ffc8f8 mode 2
Event: 22.125 Thread 0x00000255c080aef0 Uncommon trap: trap_request=0xffffffbe fr.pc=0x00000255cbbe8d24 relative=0x0000000000000504
Event: 22.125 Thread 0x00000255c080aef0 Uncommon trap: reason=profile_predicate action=maybe_recompile pc=0x00000255cbbe8d24 method=jdk.internal.jimage.ImageStringsReader.stringFromByteBufferMatches(Ljava/nio/ByteBuffer;ILjava/lang/String;I)I @ 19 c2
Event: 22.125 Thread 0x00000255c080aef0 DEOPT PACKING pc=0x00000255cbbe8d24 sp=0x000000bae9ffc980
Event: 22.125 Thread 0x00000255c080aef0 DEOPT UNPACKING pc=0x00000255cb1769a3 sp=0x000000bae9ffc8f8 mode 2
Event: 22.125 Thread 0x00000255c080aef0 Uncommon trap: trap_request=0xffffffbe fr.pc=0x00000255cbbe8d24 relative=0x0000000000000504
Event: 22.125 Thread 0x00000255c080aef0 Uncommon trap: reason=profile_predicate action=maybe_recompile pc=0x00000255cbbe8d24 method=jdk.internal.jimage.ImageStringsReader.stringFromByteBufferMatches(Ljava/nio/ByteBuffer;ILjava/lang/String;I)I @ 19 c2
Event: 22.125 Thread 0x00000255c080aef0 DEOPT PACKING pc=0x00000255cbbe8d24 sp=0x000000bae9ffc980
Event: 22.125 Thread 0x00000255c080aef0 DEOPT UNPACKING pc=0x00000255cb1769a3 sp=0x000000bae9ffc8f8 mode 2
Event: 22.125 Thread 0x00000255c080aef0 Uncommon trap: trap_request=0xffffffbe fr.pc=0x00000255cbbe8d24 relative=0x0000000000000504
Event: 22.125 Thread 0x00000255c080aef0 Uncommon trap: reason=profile_predicate action=maybe_recompile pc=0x00000255cbbe8d24 method=jdk.internal.jimage.ImageStringsReader.stringFromByteBufferMatches(Ljava/nio/ByteBuffer;ILjava/lang/String;I)I @ 19 c2
Event: 22.125 Thread 0x00000255c080aef0 DEOPT PACKING pc=0x00000255cbbe8d24 sp=0x000000bae9ffc980
Event: 22.125 Thread 0x00000255c080aef0 DEOPT UNPACKING pc=0x00000255cb1769a3 sp=0x000000bae9ffc8f8 mode 2

Classes unloaded (0 events):
No events

Classes redefined (0 events):
No events

Internal exceptions (20 events):
Event: 15.111 Thread 0x00000255c080aef0 Exception <a 'java/lang/NoSuchMethodError'{0x00000000a5548858}: 'void java.lang.invoke.DirectMethodHandle$Holder.invokeSpecial(java.lang.Object, java.lang.Object, int, java.lang.Object)'> (0x00000000a5548858) 
thrown [s\src\hotspot\share\interpreter\linkResolver.cpp, line 771]
Event: 15.188 Thread 0x00000255c080aef0 Exception <a 'java/lang/NoSuchMethodError'{0x00000000a512edf8}: 'java.lang.Object java.lang.invoke.DirectMethodHandle$Holder.invokeStatic(java.lang.Object, java.lang.Object, java.lang.Object, java.lang.Object, int)'> (0x00000000a512edf8) 
thrown [s\src\hotspot\share\interpreter\linkResolver.cpp, line 771]
Event: 15.188 Thread 0x00000255c080aef0 Exception <a 'java/lang/NoSuchMethodError'{0x00000000a51389e8}: 'java.lang.Object java.lang.invoke.DirectMethodHandle$Holder.newInvokeSpecial(java.lang.Object, java.lang.Object, java.lang.Object, java.lang.Object, int)'> (0x00000000a51389e8) 
thrown [s\src\hotspot\share\interpreter\linkResolver.cpp, line 771]
Event: 15.189 Thread 0x00000255c080aef0 Exception <a 'java/lang/NoSuchMethodError'{0x00000000a5140ab8}: 'java.lang.Object java.lang.invoke.Invokers$Holder.linkToTargetMethod(java.lang.Object, java.lang.Object, java.lang.Object, int, java.lang.Object)'> (0x00000000a5140ab8) 
thrown [s\src\hotspot\share\interpreter\linkResolver.cpp, line 771]
Event: 15.294 Thread 0x00000255c080aef0 Implicit null exception at 0x00000255cb996ccc to 0x00000255cb996da8
Event: 15.641 Thread 0x00000255c080aef0 Exception <a 'java/lang/NoSuchMethodError'{0x00000000a8942920}: 'int java.lang.invoke.DirectMethodHandle$Holder.invokeInterface(java.lang.Object, java.lang.Object)'> (0x00000000a8942920) 
thrown [s\src\hotspot\share\interpreter\linkResolver.cpp, line 771]
Event: 16.695 Thread 0x00000255c080aef0 Exception <a 'java/lang/NoSuchMethodError'{0x00000000a91680f0}: 'int java.lang.invoke.DirectMethodHandle$Holder.invokeStaticInit(java.lang.Object, int)'> (0x00000000a91680f0) 
thrown [s\src\hotspot\share\interpreter\linkResolver.cpp, line 771]
Event: 16.837 Thread 0x00000255c080aef0 Exception <a 'java/lang/NoSuchMethodError'{0x00000000a89b6a78}: 'java.lang.Object java.lang.invoke.DirectMethodHandle$Holder.invokeStaticInit(java.lang.Object, java.lang.Object, java.lang.Object)'> (0x00000000a89b6a78) 
thrown [s\src\hotspot\share\interpreter\linkResolver.cpp, line 771]
Event: 17.442 Thread 0x00000255c080aef0 Implicit null exception at 0x00000255cb97de09 to 0x00000255cb97def0
Event: 17.442 Thread 0x00000255c080aef0 Implicit null exception at 0x00000255cb8e8dd8 to 0x00000255cb8e8e6a
Event: 17.454 Thread 0x00000255c080aef0 Implicit null exception at 0x00000255cb8cb88f to 0x00000255cb8cb905
Event: 17.475 Thread 0x00000255c080aef0 Exception <a 'java/lang/NoSuchMethodError'{0x00000000a91ac6c0}: 'java.lang.Object java.lang.invoke.DirectMethodHandle$Holder.newInvokeSpecial(java.lang.Object, int, java.lang.Object)'> (0x00000000a91ac6c0) 
thrown [s\src\hotspot\share\interpreter\linkResolver.cpp, line 771]
Event: 17.607 Thread 0x00000255c080aef0 Exception <a 'java/lang/NoSuchMethodError'{0x00000000a8c98318}: 'java.lang.Object java.lang.invoke.DirectMethodHandle$Holder.newInvokeSpecial(java.lang.Object, java.lang.Object, java.lang.Object, java.lang.Object, java.lang.Object, java.lang.Object, java.lang.Object, java.lang.Object)'> (0x00000000a8c98318) 
thrown [s\src\hotspot\share\interpreter\linkResolver.cpp, line 771]
Event: 17.611 Thread 0x00000255c080aef0 Exception <a 'java/lang/NoSuchMethodError'{0x00000000a8c9d930}: 'java.lang.Object java.lang.invoke.DirectMethodHandle$Holder.invokeSpecial(java.lang.Object, java.lang.Object, java.lang.Object, java.lang.Object, java.lang.Object, java.lang.Object, java.lang.Object, java.lang.Object, java.lang.Object)'> (0x00000000a8c9d930) 
thrown [s\src\hotspot\share\interpreter\linkResolver.cpp, line 771]
Event: 17.614 Thread 0x00000255c080aef0 Exception <a 'java/lang/NoSuchMethodError'{0x00000000a8ca2860}: 'java.lang.Object java.lang.invoke.Invokers$Holder.linkToTargetMethod(java.lang.Object, java.lang.Object, java.lang.Object, java.lang.Object, java.lang.Object, java.lang.Object, java.lang.Object, java.lang.Object)'> (0x00000000a8ca2860) 
thrown [s\src\hotspot\share\interpreter\linkResolver.cpp, line 771]
Event: 17.786 Thread 0x00000255c080aef0 Exception <a 'java/lang/NoSuchMethodError'{0x00000000a871a908}: 'java.lang.Object java.lang.invoke.DirectMethodHandle$Holder.invokeInterface(java.lang.Object, java.lang.Object, java.lang.Object)'> (0x00000000a871a908) 
thrown [s\src\hotspot\share\interpreter\linkResolver.cpp, line 771]
Event: 17.787 Thread 0x00000255c080aef0 Exception <a 'java/lang/IncompatibleClassChangeError'{0x00000000a871e7c8}: Found class java.lang.Object, but interface was expected> (0x00000000a871e7c8) 
thrown [s\src\hotspot\share\interpreter\linkResolver.cpp, line 838]
Event: 20.471 Thread 0x00000255c080aef0 Exception <a 'java/lang/NoSuchMethodError'{0x00000000aab5fe48}: 'java.lang.Object java.lang.invoke.DirectMethodHandle$Holder.invokeStatic(java.lang.Object, int, java.lang.Object)'> (0x00000000aab5fe48) 
thrown [s\src\hotspot\share\interpreter\linkResolver.cpp, line 771]
Event: 20.478 Thread 0x00000255c080aef0 Exception <a 'java/lang/NoSuchMethodError'{0x00000000aab945f8}: 'java.lang.Object java.lang.invoke.DirectMethodHandle$Holder.newInvokeSpecial(java.lang.Object, int, java.lang.Object, java.lang.Object)'> (0x00000000aab945f8) 
thrown [s\src\hotspot\share\interpreter\linkResolver.cpp, line 771]
Event: 21.243 Thread 0x00000255c080aef0 Implicit null exception at 0x00000255cbb5e9b3 to 0x00000255cbb5feb0

VM Operations (20 events):
Event: 21.202 Executing VM operation: HandshakeAllThreads done
Event: 21.274 Executing VM operation: ICBufferFull
Event: 21.275 Executing VM operation: ICBufferFull done
Event: 21.349 Executing VM operation: G1CollectForAllocation
Event: 21.360 Executing VM operation: G1CollectForAllocation done
Event: 21.378 Executing VM operation: G1CollectForAllocation
Event: 21.385 Executing VM operation: G1CollectForAllocation done
Event: 21.427 Executing VM operation: HandshakeAllThreads
Event: 21.427 Executing VM operation: HandshakeAllThreads done
Event: 21.523 Executing VM operation: HandshakeAllThreads
Event: 21.523 Executing VM operation: HandshakeAllThreads done
Event: 21.806 Executing VM operation: HandshakeAllThreads
Event: 21.806 Executing VM operation: HandshakeAllThreads done
Event: 21.822 Executing VM operation: HandshakeAllThreads
Event: 21.822 Executing VM operation: HandshakeAllThreads done
Event: 21.827 Executing VM operation: HandshakeAllThreads
Event: 21.827 Executing VM operation: HandshakeAllThreads done
Event: 21.827 Executing VM operation: HandshakeAllThreads
Event: 21.827 Executing VM operation: HandshakeAllThreads done
Event: 22.229 Executing VM operation: G1CollectForAllocation

Events (20 events):
Event: 21.823 loading class java/nio/file/DirectoryStream
Event: 21.823 loading class java/nio/file/DirectoryStream done
Event: 21.823 loading class java/nio/channels/AsynchronousFileChannel
Event: 21.824 loading class java/nio/channels/AsynchronousChannel
Event: 21.824 loading class java/nio/channels/AsynchronousChannel done
Event: 21.824 loading class java/nio/channels/AsynchronousFileChannel done
Event: 21.824 loading class java/nio/file/FileStore
Event: 21.824 loading class java/nio/file/FileStore done
Event: 21.824 loading class jdk/internal/jrtfs/JrtFileSystemProvider
Event: 21.825 loading class jdk/internal/jrtfs/JrtFileSystemProvider done
Event: 21.825 loading class sun/net/www/protocol/jrt/JavaRuntimeURLConnection
Event: 21.825 loading class sun/net/www/protocol/jrt/JavaRuntimeURLConnection done
Event: 21.826 loading class sun/net/www/protocol/jrt/JavaRuntimeURLConnection$1
Event: 21.826 loading class sun/net/www/protocol/jrt/JavaRuntimeURLConnection$1 done
Event: 21.838 loading class java/util/jar/JarVerifier
Event: 21.839 loading class java/util/jar/JarVerifier done
Event: 22.095 loading class java/nio/file/ClosedFileSystemException
Event: 22.095 loading class java/nio/file/ClosedFileSystemException done
Event: 22.184 loading class java/util/function/BiPredicate
Event: 22.184 loading class java/util/function/BiPredicate done


Dynamic libraries:
0x00007ff745210000 - 0x00007ff74521a000 	C:\Program Files\Android\Android Studio\jbr\bin\java.exe
0x00007fffc6330000 - 0x00007fffc6547000 	C:\WINDOWS\SYSTEM32\ntdll.dll
0x00007fffc4b60000 - 0x00007fffc4c24000 	C:\WINDOWS\System32\KERNEL32.DLL
0x00007fffc3ac0000 - 0x00007fffc3e66000 	C:\WINDOWS\System32\KERNELBASE.dll
0x00007fffc3710000 - 0x00007fffc3821000 	C:\WINDOWS\System32\ucrtbase.dll
0x00007fff86980000 - 0x00007fff86997000 	C:\Program Files\Android\Android Studio\jbr\bin\jli.dll
0x00007fff9c8d0000 - 0x00007fff9c8eb000 	C:\Program Files\Android\Android Studio\jbr\bin\VCRUNTIME140.dll
0x00007fffc5e60000 - 0x00007fffc600e000 	C:\WINDOWS\System32\USER32.dll
0x00007fffc3e70000 - 0x00007fffc3e96000 	C:\WINDOWS\System32\win32u.dll
0x00007fffc5560000 - 0x00007fffc5589000 	C:\WINDOWS\System32\GDI32.dll
0x00007fff8cd00000 - 0x00007fff8cf93000 	C:\WINDOWS\WinSxS\amd64_microsoft.windows.common-controls_6595b64144ccf1df_6.0.22621.2506_none_270c5ae97388e100\COMCTL32.dll
0x00007fffc3830000 - 0x00007fffc3948000 	C:\WINDOWS\System32\gdi32full.dll
0x00007fffc60f0000 - 0x00007fffc6197000 	C:\WINDOWS\System32\msvcrt.dll
0x00007fffc3ea0000 - 0x00007fffc3f3a000 	C:\WINDOWS\System32\msvcp_win.dll
0x00007fffc5bc0000 - 0x00007fffc5bf1000 	C:\WINDOWS\System32\IMM32.DLL
0x00007fffb1c90000 - 0x00007fffb1c9c000 	C:\Program Files\Android\Android Studio\jbr\bin\vcruntime140_1.dll
0x00007fff70600000 - 0x00007fff7068d000 	C:\Program Files\Android\Android Studio\jbr\bin\msvcp140.dll
0x00007fff2ee80000 - 0x00007fff2faee000 	C:\Program Files\Android\Android Studio\jbr\bin\server\jvm.dll
0x00007fffc61a0000 - 0x00007fffc6251000 	C:\WINDOWS\System32\ADVAPI32.dll
0x00007fffc46a0000 - 0x00007fffc4745000 	C:\WINDOWS\System32\sechost.dll
0x00007fffc4940000 - 0x00007fffc4a57000 	C:\WINDOWS\System32\RPCRT4.dll
0x00007fffbab30000 - 0x00007fffbab64000 	C:\WINDOWS\SYSTEM32\WINMM.dll
0x00007fffb8d50000 - 0x00007fffb8d5a000 	C:\WINDOWS\SYSTEM32\VERSION.dll
0x00007fffbd160000 - 0x00007fffbd169000 	C:\WINDOWS\SYSTEM32\WSOCK32.dll
0x00007fffc5d70000 - 0x00007fffc5de1000 	C:\WINDOWS\System32\WS2_32.dll
0x00007fffc2610000 - 0x00007fffc2628000 	C:\WINDOWS\SYSTEM32\kernel.appcore.dll
0x00007fffbb680000 - 0x00007fffbb68a000 	C:\Program Files\Android\Android Studio\jbr\bin\jimage.dll
0x00007fffc1000000 - 0x00007fffc1233000 	C:\WINDOWS\SYSTEM32\DBGHELP.DLL
0x00007fffc4080000 - 0x00007fffc4409000 	C:\WINDOWS\System32\combase.dll
0x00007fffc6010000 - 0x00007fffc60e7000 	C:\WINDOWS\System32\OLEAUT32.dll
0x00007fffb0870000 - 0x00007fffb08a2000 	C:\WINDOWS\SYSTEM32\dbgcore.DLL
0x00007fffc4000000 - 0x00007fffc407a000 	C:\WINDOWS\System32\bcryptPrimitives.dll
0x00007fff869a0000 - 0x00007fff869c5000 	C:\Program Files\Android\Android Studio\jbr\bin\java.dll
0x00007fffae8a0000 - 0x00007fffae8b8000 	C:\Program Files\Android\Android Studio\jbr\bin\zip.dll
0x00007fffc4c50000 - 0x00007fffc54aa000 	C:\WINDOWS\System32\SHELL32.dll
0x00007fffc1530000 - 0x00007fffc1e26000 	C:\WINDOWS\SYSTEM32\windows.storage.dll
0x00007fffc13f0000 - 0x00007fffc152e000 	C:\WINDOWS\SYSTEM32\wintypes.dll
0x00007fffc5c00000 - 0x00007fffc5cf3000 	C:\WINDOWS\System32\SHCORE.dll
0x00007fffc45b0000 - 0x00007fffc460e000 	C:\WINDOWS\System32\shlwapi.dll
0x00007fffc35d0000 - 0x00007fffc35f6000 	C:\WINDOWS\SYSTEM32\profapi.dll
0x00007fffa8020000 - 0x00007fffa8039000 	C:\Program Files\Android\Android Studio\jbr\bin\net.dll
0x00007fffbc560000 - 0x00007fffbc697000 	C:\WINDOWS\SYSTEM32\WINHTTP.dll
0x00007fffc2a90000 - 0x00007fffc2af9000 	C:\WINDOWS\system32\mswsock.dll
0x00007fff8be50000 - 0x00007fff8be66000 	C:\Program Files\Android\Android Studio\jbr\bin\nio.dll
0x00007fffbb420000 - 0x00007fffbb430000 	C:\Program Files\Android\Android Studio\jbr\bin\verify.dll

dbghelp: loaded successfully - version: 4.0.5 - missing functions: none
symbol engine: initialized successfully - sym options: 0x614 - pdb path: .;C:\Program Files\Android\Android Studio\jbr\bin;C:\WINDOWS\SYSTEM32;C:\WINDOWS\WinSxS\amd64_microsoft.windows.common-controls_6595b64144ccf1df_6.0.22621.2506_none_270c5ae97388e100;C:\Program Files\Android\Android Studio\jbr\bin\server

VM Arguments:
java_command: org.jetbrains.kotlin.cli.jvm.K2JVMCompiler @C:\Users\yanua\AndroidStudioProjects\setravelapp\app\build\20231221_16479342421010792057.compiler.options
java_class_path (initial): C:\Users\yanua\.gradle\caches\modules-2\files-2.1\org.jetbrains.kotlin\kotlin-compiler-embeddable\1.9.0\2c8c3a7402becca891f12739b3e9fd2dc2adbd7a\kotlin-compiler-embeddable-1.9.0.jar;C:\Users\yanua\.gradle\caches\modules-2\files-2.1\org.jetbrains.kotlin\kotlin-stdlib\1.9.0\8ee15ef0c67dc83d874f412d84378d7f0eb50b63\kotlin-stdlib-1.9.0.jar;C:\Users\yanua\.gradle\caches\modules-2\files-2.1\org.jetbrains.kotlin\kotlin-script-runtime\1.9.0\4b3102cbbb7e1b58d9d1adf89563f00069ffa7d1\kotlin-script-runtime-1.9.0.jar;C:\Users\yanua\.gradle\caches\modules-2\files-2.1\org.jetbrains.kotlin\kotlin-reflect\1.6.10\1cbe9c92c12a94eea200d23c2bbaedaf3daf5132\kotlin-reflect-1.6.10.jar;C:\Users\yanua\.gradle\caches\modules-2\files-2.1\org.jetbrains.kotlin\kotlin-daemon-embeddable\1.9.0\186543f5e28cf8d9a0290fecc2cf34301c40a65c\kotlin-daemon-embeddable-1.9.0.jar;C:\Users\yanua\.gradle\caches\modules-2\files-2.1\org.jetbrains.intellij.deps\trove4j\1.0.20200330\3afb14d5f9ceb459d724e907a21145e8ff394f02\trove4j-1.0.20200330.jar;C:\Users\yanua\.gradle\caches\modules-2\files-2.1\org.jetbrains.kotlin\kotlin-stdlib-common\1.9.0\cd65c21cfd1eec4d44ef09f9f52b6d9f8a720636\kotlin-stdlib-common-1.9.0.jar;C:\Users\yanua\.gradle\caches\modules-2\files-2.1\org.jetbrains\annotations\13.0\919f0dfe192fb4e063e7dacadee7f8bb9a2672a9\annotations-13.0.jar
Launcher Type: SUN_STANDARD

[Global flags]
     intx CICompilerCount                          = 12                                        {product} {ergonomic}
     uint ConcGCThreads                            = 3                                         {product} {ergonomic}
     uint G1ConcRefinementThreads                  = 13                                        {product} {ergonomic}
   size_t G1HeapRegionSize                         = 1048576                                   {product} {ergonomic}
    uintx GCDrainStackTargetSize                   = 64                                        {product} {ergonomic}
   size_t InitialHeapSize                          = 98566144                                  {product} {ergonomic}
   size_t MarkStackSize                            = 4194304                                   {product} {ergonomic}
   size_t MaxHeapSize                              = 1574961152                                {product} {ergonomic}
   size_t MaxNewSize                               = 944766976                                 {product} {ergonomic}
   size_t MinHeapDeltaBytes                        = 1048576                                   {product} {ergonomic}
   size_t MinHeapSize                              = 8388608                                   {product} {ergonomic}
    uintx NonNMethodCodeHeapSize                   = 7602480                                {pd product} {ergonomic}
    uintx NonProfiledCodeHeapSize                  = 122027880                              {pd product} {ergonomic}
    uintx ProfiledCodeHeapSize                     = 122027880                              {pd product} {ergonomic}
    uintx ReservedCodeCacheSize                    = 251658240                              {pd product} {ergonomic}
     bool SegmentedCodeCache                       = true                                      {product} {ergonomic}
   size_t SoftMaxHeapSize                          = 1574961152                             {manageable} {ergonomic}
     bool UseCompressedClassPointers               = true                           {product lp64_product} {ergonomic}
     bool UseCompressedOops                        = true                           {product lp64_product} {ergonomic}
     bool UseG1GC                                  = true                                      {product} {ergonomic}
     bool UseLargePagesIndividualAllocation        = false                                  {pd product} {ergonomic}

Logging:
Log output configuration:
 #0: stdout all=warning uptime,level,tags
 #1: stderr all=off uptime,level,tags

Environment Variables:
JAVA_HOME=C:\Program Files\Zulu\zulu-17\
PATH=C:\Program Files\Zulu\zulu-17\bin\;D:\oracle\product\10.2.0\db_1\bin;D:\WINDOWS.X64_193000_db_home\bin;C:\Users\yanua\Downloads\WINDOWS.X64_193000_db_home\bin;C:\app\yanua\product\21c\dbhomeXE\bin;C:\Program Files (x86)\Common Files\Intel\Shared Libraries\redist\intel64\compiler;C:\Program Files (x86)\Common Files\Oracle\Java\javapath;C:\ProgramData\Oracle\Java\javapath;C:\Program Files (x86)\Common Files\Intel\Shared Files\cpp\bin\Intel64;C:\WINDOWS\system32;C:\WINDOWS;C:\WINDOWS\System32\Wbem;C:\WINDOWS\System32\WindowsPowerShell\v1.0\;C:\WINDOWS\System32\OpenSSH\;C:\Program Files\dotnet\;C:\Program Files\Git\cmd;C:\xampp\php;C:\composer;C:\Program Files\Microsoft SQL Server\Client SDK\ODBC\170\Tools\Binn\;C:\Program Files (x86)\Microsoft SQL Server\150\Tools\Binn\;C:\Program Files\Microsoft SQL Server\150\Tools\Binn\;C:\Program Files\Microsoft SQL Server\150\DTS\Binn\;C:\WINDOWS\system32;C:\WINDOWS;C:\WINDOWS\System32\Wbem;C:\WINDOWS\System32\WindowsPowerShell\v1.0\;C:\WINDOWS\System32\OpenSSH\;C:\gradle\gradle-8.3\bin;C:\Program Files\Java\jdk1.8.0_111\bin;C:\Users\yanua\AppData\Local\Microsoft\WindowsApps;C:\Users\yanua\AppData\Local\Programs\Microsoft VS Code\bin;C:\Users\yanua\.dotnet\tools;C:\Users\yanua\AppData\Roaming\Composer\vendor\bin;C:\src\flutter\bin;
USERNAME=yanua
OS=Windows_NT
PROCESSOR_IDENTIFIER=AMD64 Family 23 Model 104 Stepping 1, AuthenticAMD
TMP=C:\Users\yanua\AppData\Local\Temp
TEMP=C:\Users\yanua\AppData\Local\Temp


JNI global refs:
JNI global refs: 17, weak refs: 0

JNI global refs memory usage: 843, weak refs: 1473


---------------  S Y S T E M  ---------------

OS:
 Windows 11 , 64 bit Build 22621 (10.0.22621.2506)
OS uptime: 0 days 22:48 hours

CPU: total 16 (initial active 16) (16 cores per cpu, 2 threads per core) family 23 model 104 stepping 1 microcode 0x0, cx8, cmov, fxsr, ht, mmx, 3dnowpref, sse, sse2, sse3, ssse3, sse4a, sse4.1, sse4.2, popcnt, lzcnt, tsc, tscinvbit, avx, avx2, aes, clmul, bmi1, bmi2, adx, sha, fma, vzeroupper, clflush, clflushopt

Memory: 4k page, system-wide physical 6005M (188M free)
TotalPageFile size 24437M (AvailPageFile size 83M)
current process WorkingSet (physical memory assigned to process): 335M, peak: 335M
current process commit charge ("private bytes"): 379M, peak: 588M

vm_info: OpenJDK 64-Bit Server VM (17.0.6+0-b2043.56-10027231) for windows-amd64 JRE (17.0.6+0-b2043.56-10027231), built on Apr 28 2023 00:43:19 by "androidbuild" with MS VC++ 16.10 / 16.11 (VS2019)

END.
